<?xml version="1.0" encoding="UTF-8"?>
<!-- Generated by org.testng.reporters.JUnitReportReporter -->
<testsuite hostname="LAPTOP-CA5M2G4K" failures="0" tests="2" name="HomePage.homePageTest" time="40.274" errors="0" timestamp="2022-10-22T00:48:35 BDT" skipped="0">
  <testcase classname="HomePage.homePageTest" name="notification" time="2.145"/>
  <system-out/>
  <testcase classname="HomePage.homePageTest" name="Support" time="38.129"/>
  <system-out/>
</testsuite> <!-- HomePage.homePageTest -->
