<?xml version="1.0" encoding="UTF-8"?>
<!-- Generated by org.testng.reporters.JUnitReportReporter -->
<testsuite hostname="LAPTOP-CA5M2G4K" failures="0" tests="3" name="HomePage.homePageTest" time="30.090" errors="0" timestamp="2022-10-22T19:50:56 BDT" skipped="0">
  <testcase classname="HomePage.homePageTest" name="titleNacceptCook" time="2.115"/>
  <system-out/>
  <testcase classname="HomePage.homePageTest" name="logoTestNclick" time="5.448"/>
  <system-out/>
  <testcase classname="HomePage.homePageTest" name="HomeCarousel" time="22.527"/>
  <system-out/>
</testsuite> <!-- HomePage.homePageTest -->
