<?xml version="1.0" encoding="UTF-8"?>
<!-- Generated by org.testng.reporters.JUnitReportReporter -->
<testsuite hostname="LAPTOP-CA5M2G4K" failures="0" tests="7" name="HomePage.homePageTest" time="81.279" errors="0" timestamp="2022-10-23T01:01:22 BDT" skipped="0">
  <testcase classname="HomePage.homePageTest" name="titleNacceptCook" time="2.159"/>
  <system-out/>
  <testcase classname="HomePage.homePageTest" name="logoTestNclick" time="6.109"/>
  <system-out/>
  <testcase classname="HomePage.homePageTest" name="HomeCarousel" time="27.382"/>
  <system-out/>
  <testcase classname="HomePage.homePageTest" name="ExploreProducts" time="16.000"/>
  <system-out/>
  <testcase classname="HomePage.homePageTest" name="DesignYourGarageDoor" time="8.612"/>
  <system-out/>
  <testcase classname="HomePage.homePageTest" name="FindDealerSection" time="12.827"/>
  <system-out/>
  <testcase classname="HomePage.homePageTest" name="WhyAmarVideoSection" time="8.190"/>
  <system-out/>
</testsuite> <!-- HomePage.homePageTest -->
