<?xml version="1.0" encoding="UTF-8"?>
<!-- Generated by org.testng.reporters.JUnitReportReporter -->
<testsuite hostname="LAPTOP-CA5M2G4K" failures="0" tests="3" name="HomePage.homePageTest" time="36.064" errors="0" timestamp="2022-10-22T14:44:23 BDT" skipped="0">
  <testcase classname="HomePage.homePageTest" name="titleNacceptcook" time="2.073"/>
  <system-out/>
  <testcase classname="HomePage.homePageTest" name="logoTestNclick" time="3.516"/>
  <system-out/>
  <testcase classname="HomePage.homePageTest" name="HomeCarousel" time="30.475"/>
  <system-out/>
</testsuite> <!-- HomePage.homePageTest -->
